Regnum: TF26D Reason: no pass name: KO
Regnum: TF26G Reason: no pass name: KO
Regnum: TF26J Reason: no pass name: KO
Regnum: TF26M Reason: no pass name: KO
Regnum: TF26P Reason: no pass name: KO
Regnum: TF26R Reason: no pass name: KO
Regnum: TF26V Reason: no pass name: KO
Regnum: TF26X Reason: no pass name: KO
Regnum: TF26Y Reason: no pass name: KO
Regnum: TF271 Reason: no pass name: KO
Regnum: TF275 Reason: no pass name: KO
Regnum: TF277 Reason: no pass name: KO
Regnum: TF278 Reason: no pass name: KO
Regnum: TF299 Reason: no pass name: IE
Regnum: TF29D Reason: no pass name: IE
Regnum: TF29F Reason: no pass name: IE
Regnum: TF29H Reason: no pass name: IE
Regnum: TF29K Reason: no pass name: IE
Regnum: TF29M Reason: no pass name: IE
Regnum: TF2CZ Reason: no pass name: IE
Regnum: TF2D1 Reason: no pass name: IE
Regnum: TF2D3 Reason: no pass name: IE
Regnum: TF2D5 Reason: no pass name: IE
Regnum: TF2D7 Reason: no pass name: IE
Regnum: TF2D9 Reason: no pass name: IE
Regnum: TF2DC Reason: no pass name: IE
Regnum: TF2DE Reason: no pass name: IE
Regnum: TF2DF Reason: no pass name: IE
Regnum: TF2DJ Reason: no pass name: IE
Regnum: TF2DM Reason: no pass name: IE
Regnum: TF2DP Reason: no pass name: IE
Regnum: TF2DR Reason: no pass name: IE
Regnum: TF2GN Reason: no pass name: NA
Regnum: TF2GQ Reason: no pass name: NA
Regnum: TF2GS Reason: no pass name: NA
Regnum: TF2GV Reason: no pass name: NA
Regnum: TF2GX Reason: no pass name: NA
Regnum: TF2WT Reason: no pass name: KO
Regnum: TF2WX Reason: no pass name: KO
Regnum: TF2ZE Reason: no pass name: KO
Regnum: TF2ZH Reason: no pass name: KO
Regnum: TF2ZP Reason: no pass name: KO
Regnum: TF2ZS Reason: no pass name: KO
Regnum: TF2ZW Reason: no pass name: KO
Regnum: TF2ZZ Reason: no pass name: KO
Regnum: TF30E Reason: no pass name: IE
Regnum: TF30H Reason: no pass name: IE
Regnum: TF30P Reason: no pass name: IE
Regnum: TF30V Reason: no pass name: IE
Regnum: TF321 Reason: no pass name: IE
Regnum: TF324 Reason: no pass name: IE
Regnum: TF34W Reason: no pass name: IE
Regnum: TF351 Reason: no pass name: IE
Regnum: TF354 Reason: no pass name: IE
Regnum: TF357 Reason: no pass name: IE
Regnum: TF35B Reason: no pass name: IE
Regnum: TF35E Reason: no pass name: IE
Regnum: TF35G Reason: no pass name: IE
Regnum: TF376 Reason: no pass name: KO
Regnum: TF379 Reason: no pass name: KO
Regnum: TF39K Reason: no pass name: KO
Regnum: TF39N Reason: no pass name: KO
Regnum: TF39T Reason: no pass name: KO
Regnum: TF39X Reason: no pass name: KO
Regnum: TF3B1 Reason: no pass name: KO
Regnum: TF3B5 Reason: no pass name: KO
Regnum: TF3B8 Reason: no pass name: KO
Regnum: TF3CR Reason: no pass name: IE
Regnum: TF3CV Reason: no pass name: IE
Regnum: TF3ER Reason: no pass name: IE
Regnum: TF3EV Reason: no pass name: IE
Regnum: TF3EY Reason: no pass name: IE
Regnum: TF3F1 Reason: no pass name: IE
Regnum: TF3F5 Reason: no pass name: IE
Regnum: TF3F8 Reason: no pass name: IE
Regnum: TF3JV Reason: no pass name: NA
Regnum: TF3JY Reason: no pass name: NA
Regnum: TF3LT Reason: no pass name: NA
Regnum: TF3LX Reason: no pass name: NA
Regnum: TF3M0 Reason: no pass name: NA
Regnum: TF3M4 Reason: no pass name: NA
Regnum: TF3M7 Reason: no pass name: NA
Regnum: TF3MB Reason: no pass name: NA
Regnum: TF3ME Reason: no pass name: NA
Regnum: TF3P8 Reason: no pass name: OX
Regnum: TF3PD Reason: no pass name: OX
Regnum: TF3PG Reason: no pass name: OX
Regnum: TF3PK Reason: no pass name: OX
Regnum: TF3RC Reason: no pass name: NA
Regnum: TF3RF Reason: no pass name: NA
Regnum: TF3RJ Reason: no pass name: NA
Regnum: TF3RN Reason: no pass name: NA
Regnum: TF3WB Reason: no pass name: KO
Regnum: TF3WF Reason: no pass name: KO
Regnum: TF3WK Reason: no pass name: KO
Regnum: TF3WN Reason: no pass name: KO
Regnum: TF3WR Reason: no pass name: KO
Regnum: TF3YQ Reason: no pass name: BC
Regnum: TF3YT Reason: no pass name: BC
Regnum: TF3YX Reason: no pass name: BC
Regnum: TF3Z0 Reason: no pass name: BC
Regnum: TF3Z3 Reason: no pass name: BC
Regnum: TLTR9 Reason: no pass name: NA
Regnum: TMRB9 Reason: no pass name: OURR
Regnum: TMRBE Reason: no pass name: OURR
Regnum: TMRBH Reason: no pass name: OURR
Regnum: TMRBP Reason: no pass name: OURR
Regnum: TMRBS Reason: no pass name: OURR
Regnum: TMRBW Reason: no pass name: OURR
Regnum: TMRBZ Reason: no pass name: OURR
Regnum: TMRC3 Reason: no pass name: OURR
Regnum: TMRC8 Reason: no pass name: OURR
Regnum: TMRCD Reason: no pass name: OURR
Regnum: TMRCG Reason: no pass name: OURR
Regnum: TMRCL Reason: no pass name: OURR
Regnum: TMRCR Reason: no pass name: OURR
Regnum: TMRCV Reason: no pass name: OURR
Regnum: TMREK Reason: no pass name: OURR
Regnum: TMREM Reason: no pass name: OURR
Regnum: TMREP Reason: no pass name: OURR
Regnum: TMRER Reason: no pass name: OURR
Regnum: TMREV Reason: no pass name: OURR
Regnum: TMRFT Reason: no pass name: OURR
Regnum: TMRFX Reason: no pass name: OURR
Regnum: TMRG0 Reason: no pass name: OURR
Regnum: TMRLK Reason: no pass name: OURR
Regnum: TMRLS Reason: no pass name: OURR
Regnum: TMRLY Reason: no pass name: OURR
Regnum: TMRM2 Reason: no pass name: OURR
Regnum: TMRM6 Reason: no pass name: OURR
Regnum: TMRM9 Reason: no pass name: OURR
Regnum: TMRMG Reason: no pass name: OURR
Regnum: TMRML Reason: no pass name: OURR
Regnum: TMRMP Reason: no pass name: OURR
Regnum: TMRMT Reason: no pass name: OURR
Regnum: TMRMY Reason: no pass name: OURR
Regnum: TMRN1 Reason: no pass name: OURR
Regnum: TMRN5 Reason: no pass name: OURR
Regnum: TMRP2 Reason: no pass name: OURR
Regnum: TMRP6 Reason: no pass name: OURR
Regnum: TMRP9 Reason: no pass name: OURR
Regnum: TMRPE Reason: no pass name: OURR
Regnum: TMRPH Reason: no pass name: OURR
Regnum: TMRPN Reason: no pass name: OURR
Regnum: TMRPT Reason: no pass name: OURR
Regnum: TMRPY Reason: no pass name: OURR
Regnum: TMRQ1 Reason: no pass name: OURR
Regnum: TMRQ4 Reason: no pass name: OURR
Regnum: TMRQ7 Reason: no pass name: OURR
Regnum: TMRSQ Reason: no pass name: OURR
Regnum: TMRST Reason: no pass name: OURR
Regnum: TMRSX Reason: no pass name: OURR
Regnum: TMRT8 Reason: no pass name: OURR
Regnum: TMRTR Reason: no pass name: OURR
Regnum: TMRTV Reason: no pass name: OURR
Regnum: TMRV0 Reason: no pass name: OURR
Regnum: TMRV5 Reason: no pass name: OURR
Regnum: TMRVB Reason: no pass name: OURR
Regnum: TMRVE Reason: no pass name: OURR
Regnum: TNR4Z Reason: no pass name: NA
Regnum: TNR8D Reason: no pass name: KO
Regnum: TNR8M Reason: no pass name: KO
Regnum: TNR8T Reason: no pass name: KO
Regnum: TNR90 Reason: no pass name: KO
Regnum: TNR92 Reason: no pass name: KO
Regnum: TNR94 Reason: no pass name: KO
Regnum: TNR96 Reason: no pass name: KO
Regnum: TNR98 Reason: no pass name: KO
Regnum: TNR9C Reason: no pass name: KO
Regnum: TNRCZ Reason: no pass name: BC
Regnum: TNRD1 Reason: no pass name: BC
Regnum: TNRD3 Reason: no pass name: BC
Regnum: TNRD5 Reason: no pass name: BC
Regnum: TNRD6 Reason: no pass name: BC
Regnum: TNRD7 Reason: no pass name: BC
Regnum: TNRD9 Reason: no pass name: BC
Regnum: TNRDD Reason: no pass name: BC
Regnum: TNRDF Reason: no pass name: BC
Regnum: TNRDH Reason: no pass name: BC
Regnum: TNRDK Reason: no pass name: BC
Regnum: TNRDM Reason: no pass name: BC
Regnum: TNRDP Reason: no pass name: BC
Regnum: TNRDT Reason: no pass name: BC
Regnum: TNRDV Reason: no pass name: BC
Regnum: TNRDW Reason: no pass name: BC
Regnum: TNRDY Reason: no pass name: BC
Regnum: TNRE0 Reason: no pass name: BC
Regnum: TNRFQ Reason: no pass name: KO
Regnum: TNRFT Reason: no pass name: KO
Regnum: TNRFW Reason: no pass name: KO
Regnum: TNRFY Reason: no pass name: KO
Regnum: TNRG5 Reason: no pass name: KO
Regnum: TNRG7 Reason: no pass name: KO
Regnum: TNRK0 Reason: no pass name: KO
Regnum: TNRK3 Reason: no pass name: KO
Regnum: TNRK5 Reason: no pass name: KO
Regnum: TNRK7 Reason: no pass name: KO
Regnum: TNRK9 Reason: no pass name: KO
Regnum: TNRKC Reason: no pass name: KO
Regnum: TNRKD Reason: no pass name: KO
Regnum: TNRKF Reason: no pass name: KO
Regnum: TNRKH Reason: no pass name: KO
Regnum: TNRKL Reason: no pass name: KO
Regnum: TNRKP Reason: no pass name: KO
Regnum: TNRKS Reason: no pass name: KO
Regnum: TNRKW Reason: no pass name: KO
Regnum: TNRKZ Reason: no pass name: KO
Regnum: TNRNZ Reason: no pass name: NA
Regnum: TNRRT Reason: no pass name: NA
Regnum: TNRRY Reason: no pass name: NA
Regnum: TNRS0 Reason: no pass name: NA
Regnum: TNRS2 Reason: no pass name: NA
Regnum: TNRS5 Reason: no pass name: NA
Regnum: TNRS8 Reason: no pass name: NA
Regnum: TNRSB Reason: no pass name: NA
Regnum: TNRSE Reason: no pass name: NA
Regnum: TNRSH Reason: no pass name: NA
Regnum: TNRSL Reason: no pass name: NA
Regnum: TNRSP Reason: no pass name: NA
Regnum: TNRSS Reason: no pass name: NA
Regnum: TNVTD Reason: no pass name: SPETSSVYAZ
Regnum: TNVTS Reason: no pass name: SPETSSVYAZ
Regnum: TNVVN Reason: no pass name: SPETSSVYAZ
Regnum: TNVVY Reason: no pass name: SPETSSVYAZ
Regnum: TNVX4 Reason: no pass name: SPETSSVYAZ
Regnum: TRH12 Reason: no pass name: SPETSSVYAZ
Regnum: TTJYC Reason: no pass name: KO
Regnum: TTJYE Reason: no pass name: KO
Regnum: TTJYG Reason: no pass name: KO
Regnum: TTJYH Reason: no pass name: KO
Regnum: TTJYL Reason: no pass name: KO
Regnum: TTJYQ Reason: no pass name: KO
Regnum: TTJZP Reason: no pass name: KO
Regnum: TTJZS Reason: no pass name: KO
Regnum: TTJZX Reason: no pass name: KO
Regnum: TTK00 Reason: no pass name: KO
Regnum: VMR5C Reason: no pass name: KO
Regnum: VMR5G Reason: no pass name: KO
Regnum: VMR5K Reason: no pass name: KO
Regnum: VMR5N Reason: no pass name: KO
Regnum: VMR5S Reason: no pass name: KO
Regnum: VMR5W Reason: no pass name: KO
Regnum: VMR5Z Reason: no pass name: KO
Regnum: VMR69 Reason: no pass name: KO
Regnum: VMR6E Reason: no pass name: KO
Regnum: VMR6J Reason: no pass name: KO
Regnum: VMR6M Reason: no pass name: KO
Regnum: VMR6Q Reason: no pass name: KO
Regnum: VMR6S Reason: no pass name: KO
Regnum: VMR6W Reason: no pass name: KO
Regnum: VMR7K Reason: no pass name: KO
Regnum: VMR7Q Reason: no pass name: KO
Regnum: VMR7T Reason: no pass name: KO
Regnum: VMRB2 Reason: no pass name: KO
Regnum: VMRB5 Reason: no pass name: KO
Regnum: VMRB8 Reason: no pass name: KO
Regnum: VMRBC Reason: no pass name: KO
Regnum: VMRBG Reason: no pass name: BC
Regnum: VMRBM Reason: no pass name: BC
Regnum: VMRBQ Reason: no pass name: BC
Regnum: VMRBV Reason: no pass name: BC
Regnum: VMRHF Reason: no pass name: BC
Regnum: VMRHL Reason: no pass name: BC
Regnum: VMRHP Reason: no pass name: BC
Regnum: VMRHS Reason: no pass name: BC
Regnum: VMRHW Reason: no pass name: BC
Regnum: VMRHZ Reason: no pass name: BC
Regnum: VMRJ2 Reason: no pass name: BC
Regnum: VMRJ5 Reason: no pass name: BC
Regnum: VMRJ9 Reason: no pass name: BC
Regnum: VMRJG Reason: no pass name: KO
Regnum: VMRJK Reason: no pass name: KO
Regnum: VMRJN Reason: no pass name: KO
Regnum: VMRJT Reason: no pass name: KO
Regnum: VMRJX Reason: no pass name: KO
Regnum: VMRK0 Reason: no pass name: KO
Regnum: VMRK3 Reason: no pass name: KO
Regnum: VMRK7 Reason: no pass name: KO
Regnum: VMRKB Reason: no pass name: KO
Regnum: VMRKF Reason: no pass name: KO
Regnum: VMRKJ Reason: no pass name: KO
Regnum: VMRKN Reason: no pass name: KO
Regnum: VMRKS Reason: no pass name: KO
Regnum: VMRKW Reason: no pass name: KO
Regnum: VMRKZ Reason: no pass name: KO
Regnum: VMRN9 Reason: no pass name: BC
Regnum: VMRNE Reason: no pass name: BC
Regnum: VMRNH Reason: no pass name: BC
Regnum: VMRNL Reason: no pass name: BC
Regnum: VMRNP Reason: no pass name: BC
Regnum: VMRS4 Reason: no pass name: BC
Regnum: VMRS7 Reason: no pass name: BC
Regnum: VMRSC Reason: no pass name: BC
Regnum: VMRSF Reason: no pass name: BC
Regnum: VMRSJ Reason: no pass name: BC
Regnum: VMRSN Reason: no pass name: BC
Regnum: VMRSS Reason: no pass name: BC
Regnum: VMRSW Reason: no pass name: BC
Regnum: VMRSZ Reason: no pass name: BC
Regnum: VMRT2 Reason: no pass name: BC
Regnum: VMRT5 Reason: no pass name: BC
Regnum: VMRT8 Reason: no pass name: BC
Regnum: VMRTC Reason: no pass name: BC
Regnum: VMRTF Reason: no pass name: BC
Regnum: VMRTJ Reason: no pass name: BC
Regnum: VMRX2 Reason: no pass name: OX
Regnum: VMRX5 Reason: no pass name: OX
Regnum: VMRX8 Reason: no pass name: OX
Regnum: VMRXC Reason: no pass name: OX
Regnum: VMS1S Reason: no pass name: OX
Regnum: VMS1X Reason: no pass name: OX
Regnum: VMS20 Reason: no pass name: OX
Regnum: VMS24 Reason: no pass name: OX
Regnum: VMS27 Reason: no pass name: OX
Regnum: VMS2B Reason: no pass name: OX
Regnum: VMS2E Reason: no pass name: OX
Regnum: VMS2J Reason: no pass name: OX
Regnum: VMS2N Reason: no pass name: OX
Regnum: VMS2R Reason: no pass name: OX
Regnum: VMS2W Reason: no pass name: OX
Regnum: VMS30 Reason: no pass name: OX
Regnum: VMS33 Reason: no pass name: OX
Regnum: VMS36 Reason: no pass name: OX
Regnum: VMS39 Reason: no pass name: OX
Regnum: VMS3E Reason: no pass name: OX
Regnum: VMS57 Reason: no pass name: IE
Regnum: VMS5B Reason: no pass name: IE
Regnum: VMS5G Reason: no pass name: IE
Regnum: VMS5K Reason: no pass name: IE
Regnum: VMS9Z Reason: no pass name: IE
Regnum: VMSB2 Reason: no pass name: IE
Regnum: VMSB5 Reason: no pass name: IE
Regnum: VMSB8 Reason: no pass name: IE
Regnum: VMSBC Reason: no pass name: IE
Regnum: VMSBG Reason: no pass name: IE
Regnum: VMSBK Reason: no pass name: IE
Regnum: VMSBP Reason: no pass name: IE
Regnum: VMSBS Reason: no pass name: IE
Regnum: VMSBZ Reason: no pass name: IE
Regnum: VMSC4 Reason: no pass name: IE
Regnum: VMSC7 Reason: no pass name: IE
Regnum: VMSCB Reason: no pass name: IE
Regnum: VMSCE Reason: no pass name: IE
Regnum: VMSCH Reason: no pass name: IE
Regnum: VMSEX Reason: no pass name: OX
Regnum: VMSF1 Reason: no pass name: OX
Regnum: VMSF4 Reason: no pass name: OX
Regnum: VMSF7 Reason: no pass name: OX
Regnum: VMSFB Reason: no pass name: OX
Regnum: VMSK2 Reason: no pass name: OX
Regnum: VMSK5 Reason: no pass name: OX
Regnum: VMSK8 Reason: no pass name: OX
Regnum: VMSKC Reason: no pass name: OX
Regnum: VMSKF Reason: no pass name: OX
Regnum: VMSKJ Reason: no pass name: OX
Regnum: VMSKN Reason: no pass name: OX
Regnum: VMSKR Reason: no pass name: OX
Regnum: VMSKV Reason: no pass name: OX
Regnum: VMSKY Reason: no pass name: OX
Regnum: VMSL1 Reason: no pass name: OX
Regnum: VMSL5 Reason: no pass name: OX
Regnum: VMSL8 Reason: no pass name: OX
Regnum: VMSLC Reason: no pass name: OX
Regnum: VMSLF Reason: no pass name: OX
Regnum: VMSMZ Reason: no pass name: NA
Regnum: VMSN2 Reason: no pass name: NA
Regnum: VMSN4 Reason: no pass name: NA
Regnum: VMSN7 Reason: no pass name: NA
Regnum: VMSNB Reason: no pass name: NA
Regnum: VMSSE Reason: no pass name: NA
Regnum: VMSSH Reason: no pass name: NA
Regnum: VMSSK Reason: no pass name: NA
Regnum: VMSSN Reason: no pass name: NA
Regnum: VMSSR Reason: no pass name: NA
Regnum: VMSSV Reason: no pass name: NA
Regnum: VMSSY Reason: no pass name: NA
Regnum: VMST2 Reason: no pass name: NA
Regnum: VMST5 Reason: no pass name: NA
Regnum: VMST8 Reason: no pass name: NA
Regnum: VMSTC Reason: no pass name: NA
Regnum: VMSTF Reason: no pass name: NA
Regnum: VMSTJ Reason: no pass name: NA
Regnum: VMSTM Reason: no pass name: NA
Regnum: VMSTQ Reason: no pass name: NA
Regnum: VMSTT Reason: no pass name: NA
Regnum: VMSWF Reason: no pass name: BUR
Regnum: VMSWH Reason: no pass name: BUR
Regnum: VMSWM Reason: no pass name: BUR
Regnum: VMSWQ Reason: no pass name: BUR
Regnum: VMSZ6 Reason: no pass name: BUR
Regnum: VMSZ8 Reason: no pass name: BUR
Regnum: VMSZC Reason: no pass name: BUR
Regnum: VMSZF Reason: no pass name: BUR
Regnum: VMSZJ Reason: no pass name: BUR
Regnum: VMSZP Reason: no pass name: BUR
Regnum: VMSZS Reason: no pass name: BUR
Regnum: VMSZW Reason: no pass name: BUR
Regnum: VSFKM Reason: no pass name: SOTSPODDERZHKA
Regnum: TF239 Reason: no pass name: KO
Regnum: TF23C Reason: no pass name: KO
Regnum: TF23F Reason: no pass name: KO
Regnum: TF23H Reason: no pass name: KO
Regnum: TF23K Reason: no pass name: KO
Regnum: TF26F Reason: no pass name: KO
Regnum: TF26H Reason: no pass name: KO
Regnum: TF26L Reason: no pass name: KO
Regnum: TF26N Reason: no pass name: KO
Regnum: TF26Q Reason: no pass name: KO
Regnum: TF26S Reason: no pass name: KO
Regnum: TF26T Reason: no pass name: KO
Regnum: TF26W Reason: no pass name: KO
Regnum: TF26Z Reason: no pass name: KO
Regnum: TF272 Reason: no pass name: KO
Regnum: TF273 Reason: no pass name: KO
Regnum: TF276 Reason: no pass name: KO
Regnum: TF27B Reason: no pass name: KO
Regnum: TF29C Reason: no pass name: IE
Regnum: TF29E Reason: no pass name: IE
Regnum: TF29G Reason: no pass name: IE
Regnum: TF29J Reason: no pass name: IE
Regnum: TF29L Reason: no pass name: IE
Regnum: TF2CX Reason: no pass name: IE
Regnum: TF2D0 Reason: no pass name: IE
Regnum: TF2D2 Reason: no pass name: IE
Regnum: TF2D4 Reason: no pass name: IE
Regnum: TF2D6 Reason: no pass name: IE
Regnum: TF2D8 Reason: no pass name: IE
Regnum: TF2DB Reason: no pass name: IE
Regnum: TF2DD Reason: no pass name: IE
Regnum: TF2DG Reason: no pass name: IE
Regnum: TF2DK Reason: no pass name: IE
Regnum: TF2DL Reason: no pass name: IE
Regnum: TF2DN Reason: no pass name: IE
Regnum: TF2DS Reason: no pass name: IE
Regnum: TF2GP Reason: no pass name: NA
Regnum: TF2GR Reason: no pass name: NA
Regnum: TF2GT Reason: no pass name: NA
Regnum: TF2GW Reason: no pass name: NA
Regnum: TF2GY Reason: no pass name: NA
Regnum: TF2GZ Reason: no pass name: NA
Regnum: TF2KB Reason: no pass name: NA
Regnum: TF2KD Reason: no pass name: NA
Regnum: TF2KF Reason: no pass name: NA
Regnum: TF2KH Reason: no pass name: NA
Regnum: TF2KK Reason: no pass name: NA
Regnum: TF2KM Reason: no pass name: NA
Regnum: TF2KN Reason: no pass name: NA
Regnum: TF2KQ Reason: no pass name: NA
Regnum: TF2KT Reason: no pass name: NA
Regnum: TF2KX Reason: no pass name: NA
Regnum: TF2KY Reason: no pass name: NA
Regnum: TF2L0 Reason: no pass name: NA
Regnum: TF2L3 Reason: no pass name: NA
Regnum: TF2MJ Reason: no pass name: OX
Regnum: TF2ML Reason: no pass name: OX
Regnum: TF2MP Reason: no pass name: OX
Regnum: TF2MR Reason: no pass name: OX
Regnum: TF2MT Reason: no pass name: OX
Regnum: TF2MX Reason: no pass name: OX
Regnum: TF2PF Reason: no pass name: BUR
Regnum: TF2PH Reason: no pass name: BUR
Regnum: TF2PK Reason: no pass name: BUR
Regnum: TF2PM Reason: no pass name: BUR
Regnum: TF2S0 Reason: no pass name: BUR
Regnum: TF2S2 Reason: no pass name: BUR
Regnum: TF2S9 Reason: no pass name: BUR
Regnum: TF2SD Reason: no pass name: BUR
Regnum: TF2SG Reason: no pass name: BUR
Regnum: TF2SJ Reason: no pass name: BUR
Regnum: TF2SL Reason: no pass name: BUR
Regnum: TF2SP Reason: no pass name: BUR
Regnum: TF2SR Reason: no pass name: BUR
Regnum: TF2SS Reason: no pass name: BUR
Regnum: TF2WW Reason: no pass name: KO
Regnum: TF2WZ Reason: no pass name: KO
Regnum: TF2ZB Reason: no pass name: KO
Regnum: TF2ZD Reason: no pass name: KO
Regnum: TF2ZF Reason: no pass name: KO
Regnum: TF2ZJ Reason: no pass name: KO
Regnum: TF2ZM Reason: no pass name: KO
Regnum: TF2ZR Reason: no pass name: KO
Regnum: TF2ZV Reason: no pass name: KO
Regnum: TF2ZY Reason: no pass name: KO
Regnum: TF30D Reason: no pass name: IE
Regnum: TF30G Reason: no pass name: IE
Regnum: TF30N Reason: no pass name: IE
Regnum: TF30S Reason: no pass name: IE
Regnum: TF320 Reason: no pass name: IE
Regnum: TF323 Reason: no pass name: IE
Regnum: TF34V Reason: no pass name: IE
Regnum: TF34Z Reason: no pass name: IE
Regnum: TF353 Reason: no pass name: IE
Regnum: TF356 Reason: no pass name: IE
Regnum: TF359 Reason: no pass name: IE
Regnum: TF35D Reason: no pass name: IE
Regnum: TF35F Reason: no pass name: IE
Regnum: TF375 Reason: no pass name: KO
Regnum: TF378 Reason: no pass name: KO
Regnum: TF37C Reason: no pass name: KO
Regnum: TF39M Reason: no pass name: KO
Regnum: TF39S Reason: no pass name: KO
Regnum: TF39W Reason: no pass name: KO
Regnum: TF3B0 Reason: no pass name: KO
Regnum: TF3B3 Reason: no pass name: KO
Regnum: TF3B7 Reason: no pass name: KO
Regnum: TF3CP Reason: no pass name: IE
Regnum: TF3CT Reason: no pass name: IE
Regnum: TF3EQ Reason: no pass name: IE
Regnum: TF3ET Reason: no pass name: IE
Regnum: TF3EX Reason: no pass name: IE
Regnum: TF3F0 Reason: no pass name: IE
Regnum: TF3F4 Reason: no pass name: IE
Regnum: TF3F7 Reason: no pass name: IE
Regnum: TF3JT Reason: no pass name: NA
Regnum: TF3JX Reason: no pass name: NA
Regnum: TF3K0 Reason: no pass name: NA
Regnum: TF3LW Reason: no pass name: NA
Regnum: TF3LZ Reason: no pass name: NA
Regnum: TF3M2 Reason: no pass name: NA
Regnum: TF3M6 Reason: no pass name: NA
Regnum: TF3M9 Reason: no pass name: NA
Regnum: TF3MD Reason: no pass name: NA
Regnum: TF3P7 Reason: no pass name: OX
Regnum: TF3PB Reason: no pass name: OX
Regnum: TF3PF Reason: no pass name: OX
Regnum: TF3PJ Reason: no pass name: OX
Regnum: TF3RB Reason: no pass name: NA
Regnum: TF3RE Reason: no pass name: NA
Regnum: TF3RH Reason: no pass name: NA
Regnum: TF3RL Reason: no pass name: NA
Regnum: TF3W9 Reason: no pass name: KO
Regnum: TF3WE Reason: no pass name: KO
Regnum: TF3WJ Reason: no pass name: KO
Regnum: TF3WM Reason: no pass name: KO
Regnum: TF3WQ Reason: no pass name: KO
Regnum: TF3YP Reason: no pass name: BC
Regnum: TF3YS Reason: no pass name: BC
Regnum: TF3YW Reason: no pass name: BC
Regnum: TF3YZ Reason: no pass name: BC
Regnum: TF3Z2 Reason: no pass name: BC
Regnum: TLTM2 Reason: no pass name: BC
Regnum: TLTPW Reason: no pass name: IE
Regnum: TMRB7 Reason: no pass name: OURR
Regnum: TMRB8 Reason: no pass name: OURR
Regnum: TMRBD Reason: no pass name: OURR
Regnum: TMRBG Reason: no pass name: OURR
Regnum: TMRBM Reason: no pass name: OURR
Regnum: TMRBR Reason: no pass name: OURR
Regnum: TMRBV Reason: no pass name: OURR
Regnum: TMRBY Reason: no pass name: OURR
Regnum: TMRC2 Reason: no pass name: OURR
Regnum: TMRC6 Reason: no pass name: OURR
Regnum: TMRCC Reason: no pass name: OURR
Regnum: TMRCF Reason: no pass name: OURR
Regnum: TMRCK Reason: no pass name: OURR
Regnum: TMRCN Reason: no pass name: OURR
Regnum: TMRCT Reason: no pass name: OURR
Regnum: TMREJ Reason: no pass name: OURR
Regnum: TMREL Reason: no pass name: OURR
Regnum: TMREN Reason: no pass name: OURR
Regnum: TMREQ Reason: no pass name: OURR
Regnum: TMRES Reason: no pass name: OURR
Regnum: TMRFQ Reason: no pass name: OURR
Regnum: TMRFV Reason: no pass name: OURR
Regnum: TMRFY Reason: no pass name: OURR
Regnum: TMRG1 Reason: no pass name: OURR
Regnum: TMRLL Reason: no pass name: OURR
Regnum: TMRLV Reason: no pass name: OURR
Regnum: TMRLZ Reason: no pass name: OURR
Regnum: TMRM3 Reason: no pass name: OURR
Regnum: TMRM5 Reason: no pass name: OURR
Regnum: TMRM8 Reason: no pass name: OURR
Regnum: TMRMF Reason: no pass name: OURR
Regnum: TMRMK Reason: no pass name: OURR
Regnum: TMRMN Reason: no pass name: OURR
Regnum: TMRMS Reason: no pass name: OURR
Regnum: TMRMW Reason: no pass name: OURR
Regnum: TMRN0 Reason: no pass name: OURR
Regnum: TMRN4 Reason: no pass name: OURR
Regnum: TMRND Reason: no pass name: OURR
Regnum: TMRP4 Reason: no pass name: OURR
Regnum: TMRP8 Reason: no pass name: OURR
Regnum: TMRPD Reason: no pass name: OURR
Regnum: TMRPG Reason: no pass name: OURR
Regnum: TMRPL Reason: no pass name: OURR
Regnum: TMRPR Reason: no pass name: OURR
Regnum: TMRPX Reason: no pass name: OURR
Regnum: TMRQ0 Reason: no pass name: OURR
Regnum: TMRQ3 Reason: no pass name: OURR
Regnum: TMRQ6 Reason: no pass name: OURR
Regnum: TMRSP Reason: no pass name: OURR
Regnum: TMRSS Reason: no pass name: OURR
Regnum: TMRSW Reason: no pass name: OURR
Regnum: TMRSZ Reason: no pass name: OURR
Regnum: TMRTQ Reason: no pass name: OURR
Regnum: TMRTT Reason: no pass name: OURR
Regnum: TMRTY Reason: no pass name: OURR
Regnum: TMRV3 Reason: no pass name: OURR
Regnum: TMRV9 Reason: no pass name: OURR
Regnum: TMRVD Reason: no pass name: OURR
Regnum: TNR0M Reason: no pass name: NA
Regnum: TNR0P Reason: no pass name: NA
Regnum: TNR0R Reason: no pass name: NA
Regnum: TNR0V Reason: no pass name: NA
Regnum: TNR0X Reason: no pass name: NA
Regnum: TNR0Z Reason: no pass name: NA
Regnum: TNR11 Reason: no pass name: NA
Regnum: TNR13 Reason: no pass name: NA
Regnum: TNR4D Reason: no pass name: NA
Regnum: TNR4F Reason: no pass name: NA
Regnum: TNR4H Reason: no pass name: NA
Regnum: TNR4K Reason: no pass name: NA
Regnum: TNR4M Reason: no pass name: NA
Regnum: TNR4P Reason: no pass name: NA
Regnum: TNR4R Reason: no pass name: NA
Regnum: TNR4W Reason: no pass name: NA
Regnum: TNR4Y Reason: no pass name: NA
Regnum: TNR51 Reason: no pass name: NA
Regnum: TNR53 Reason: no pass name: NA
Regnum: TNR55 Reason: no pass name: NA
Regnum: TNR57 Reason: no pass name: NA
Regnum: TNR59 Reason: no pass name: NA
Regnum: TNR85 Reason: no pass name: KO
Regnum: TNR86 Reason: no pass name: KO
Regnum: TNR88 Reason: no pass name: KO
Regnum: TNR8F Reason: no pass name: KO
Regnum: TNR8J Reason: no pass name: KO
Regnum: TNR8L Reason: no pass name: KO
Regnum: TNR8P Reason: no pass name: KO
Regnum: TNR8R Reason: no pass name: KO
Regnum: TNR8V Reason: no pass name: KO
Regnum: TNRG0 Reason: no pass name: KO
Regnum: TNRG2 Reason: no pass name: KO
Regnum: TNRG6 Reason: no pass name: KO
Regnum: TNRJZ Reason: no pass name: KO
Regnum: TNRK1 Reason: no pass name: KO
Regnum: TNRK4 Reason: no pass name: KO
Regnum: TNRK6 Reason: no pass name: KO
Regnum: TNRK8 Reason: no pass name: KO
Regnum: TNRKM Reason: no pass name: KO
Regnum: TNRKQ Reason: no pass name: KO
Regnum: TNRKT Reason: no pass name: KO
Regnum: TNRKX Reason: no pass name: KO
Regnum: TNRL0 Reason: no pass name: KO
Regnum: TNRNJ Reason: no pass name: NA
Regnum: TNRNL Reason: no pass name: NA
Regnum: TNRNN Reason: no pass name: NA
Regnum: TNRNS Reason: no pass name: NA
Regnum: TNRNV Reason: no pass name: NA
Regnum: TNRNX Reason: no pass name: NA
Regnum: TNRP0 Reason: no pass name: NA
Regnum: TNRRS Reason: no pass name: NA
Regnum: TNRRW Reason: no pass name: NA
Regnum: TNRRZ Reason: no pass name: NA
Regnum: TNRS1 Reason: no pass name: NA
Regnum: TNRS4 Reason: no pass name: NA
Regnum: TNRS6 Reason: no pass name: NA
Regnum: TNRS9 Reason: no pass name: NA
Regnum: TNRSD Reason: no pass name: NA
Regnum: TNRSG Reason: no pass name: NA
Regnum: TNRSK Reason: no pass name: NA
Regnum: TNRSN Reason: no pass name: NA
Regnum: TNRSR Reason: no pass name: NA
Regnum: TNRSV Reason: no pass name: NA
Regnum: TNVTQ Reason: no pass name: SPETSSVYAZ
Regnum: TRH05 Reason: no pass name: SPETSSVYAZ
Regnum: TTJYK Reason: no pass name: KO
Regnum: TTJYP Reason: no pass name: KO
Regnum: TTJZN Reason: no pass name: KO
Regnum: TTJZR Reason: no pass name: KO
Regnum: TTJZW Reason: no pass name: KO
Regnum: TTJZZ Reason: no pass name: KO
Regnum: V6V9R Reason: no pass name: SPETSVYAZ
Regnum: VMR3C Reason: no pass name: KO
Regnum: VMR57 Reason: no pass name: KO
Regnum: VMR59 Reason: no pass name: KO
Regnum: VMR5D Reason: no pass name: KO
Regnum: VMR5H Reason: no pass name: KO
Regnum: VMR5L Reason: no pass name: KO
Regnum: VMR5P Reason: no pass name: KO
Regnum: VMR5T Reason: no pass name: KO
Regnum: VMR5X Reason: no pass name: KO
Regnum: VMR60 Reason: no pass name: KO
Regnum: VMR6C Reason: no pass name: KO
Regnum: VMR6G Reason: no pass name: KO
Regnum: VMR6K Reason: no pass name: KO
Regnum: VMR6P Reason: no pass name: KO
Regnum: VMR6R Reason: no pass name: KO
Regnum: VMR6T Reason: no pass name: KO
Regnum: VMR6X Reason: no pass name: KO
Regnum: VMR6Y Reason: no pass name: KO
Regnum: VMR71 Reason: no pass name: KO
Regnum: VMR73 Reason: no pass name: KO
Regnum: VMR74 Reason: no pass name: KO
Regnum: VMR76 Reason: no pass name: KO
Regnum: VMR78 Reason: no pass name: KO
Regnum: VMR7B Reason: no pass name: KO
Regnum: VMR7D Reason: no pass name: KO
Regnum: VMR7F Reason: no pass name: KO
Regnum: VMR7H Reason: no pass name: KO
Regnum: VMR7L Reason: no pass name: KO
Regnum: VMR7P Reason: no pass name: KO
Regnum: VMR7S Reason: no pass name: KO
Regnum: VMRB1 Reason: no pass name: KO
Regnum: VMRB4 Reason: no pass name: KO
Regnum: VMRB7 Reason: no pass name: KO
Regnum: VMRBB Reason: no pass name: KO
Regnum: VMRBE Reason: no pass name: KO
Regnum: VMRBL Reason: no pass name: BC
Regnum: VMRBP Reason: no pass name: BC
Regnum: VMRBS Reason: no pass name: BC
Regnum: VMRFB Reason: no pass name: KO
Regnum: VMRHK Reason: no pass name: BC
Regnum: VMRHN Reason: no pass name: BC
Regnum: VMRHT Reason: no pass name: BC
Regnum: VMRHX Reason: no pass name: BC
Regnum: VMRJ0 Reason: no pass name: BC
Regnum: VMRJ3 Reason: no pass name: BC
Regnum: VMRJ6 Reason: no pass name: BC
Regnum: VMRJB Reason: no pass name: BC
Regnum: VMRJH Reason: no pass name: KO
Regnum: VMRJL Reason: no pass name: KO
Regnum: VMRJQ Reason: no pass name: KO
Regnum: VMRJV Reason: no pass name: KO
Regnum: VMRJY Reason: no pass name: KO
Regnum: VMRK1 Reason: no pass name: KO
Regnum: VMRK5 Reason: no pass name: KO
Regnum: VMRK8 Reason: no pass name: KO
Regnum: VMRKC Reason: no pass name: KO
Regnum: VMRKG Reason: no pass name: KO
Regnum: VMRKK Reason: no pass name: KO
Regnum: VMRKP Reason: no pass name: KO
Regnum: VMRKT Reason: no pass name: KO
Regnum: VMRKX Reason: no pass name: KO
Regnum: VMRL0 Reason: no pass name: KO
Regnum: VMRNB Reason: no pass name: BC
Regnum: VMRNF Reason: no pass name: BC
Regnum: VMRNJ Reason: no pass name: BC
Regnum: VMRNM Reason: no pass name: BC
Regnum: VMRS2 Reason: no pass name: BC
Regnum: VMRS5 Reason: no pass name: BC
Regnum: VMRS9 Reason: no pass name: BC
Regnum: VMRSD Reason: no pass name: BC
Regnum: VMRSG Reason: no pass name: BC
Regnum: VMRSK Reason: no pass name: BC
Regnum: VMRSQ Reason: no pass name: BC
Regnum: VMRST Reason: no pass name: BC
Regnum: VMRSX Reason: no pass name: BC
Regnum: VMRT1 Reason: no pass name: BC
Regnum: VMRT4 Reason: no pass name: BC
Regnum: VMRT7 Reason: no pass name: BC
Regnum: VMRTB Reason: no pass name: BC
Regnum: VMRTE Reason: no pass name: BC
Regnum: VMRTH Reason: no pass name: BC
Regnum: VMRX1 Reason: no pass name: OX
Regnum: VMRX4 Reason: no pass name: OX
Regnum: VMRX7 Reason: no pass name: OX
Regnum: VMRXB Reason: no pass name: OX
Regnum: VMRXE Reason: no pass name: OX
Regnum: VMS1V Reason: no pass name: OX
Regnum: VMS1Z Reason: no pass name: OX
Regnum: VMS23 Reason: no pass name: OX
Regnum: VMS26 Reason: no pass name: OX
Regnum: VMS29 Reason: no pass name: OX
Regnum: VMS2D Reason: no pass name: OX
Regnum: VMS2G Reason: no pass name: OX
Regnum: VMS2M Reason: no pass name: OX
Regnum: VMS2Q Reason: no pass name: OX
Regnum: VMS2V Reason: no pass name: OX
Regnum: VMS2Z Reason: no pass name: OX
Regnum: VMS32 Reason: no pass name: OX
Regnum: VMS35 Reason: no pass name: OX
Regnum: VMS38 Reason: no pass name: OX
Regnum: VMS3C Reason: no pass name: OX
Regnum: VMS56 Reason: no pass name: IE
Regnum: VMS59 Reason: no pass name: IE
Regnum: VMS5E Reason: no pass name: IE
Regnum: VMS5J Reason: no pass name: IE
Regnum: VMS9Y Reason: no pass name: IE
Regnum: VMSB1 Reason: no pass name: IE
Regnum: VMSB4 Reason: no pass name: IE
Regnum: VMSB7 Reason: no pass name: IE
Regnum: VMSBB Reason: no pass name: IE
Regnum: VMSBE Reason: no pass name: IE
Regnum: VMSBJ Reason: no pass name: IE
Regnum: VMSBM Reason: no pass name: IE
Regnum: VMSBR Reason: no pass name: IE
Regnum: VMSBW Reason: no pass name: IE
Regnum: VMSC2 Reason: no pass name: IE
Regnum: VMSC6 Reason: no pass name: IE
Regnum: VMSC9 Reason: no pass name: IE
Regnum: VMSCD Reason: no pass name: IE
Regnum: VMSCG Reason: no pass name: IE
Regnum: VMSCK Reason: no pass name: IE
Regnum: VMSF0 Reason: no pass name: OX
Regnum: VMSF3 Reason: no pass name: OX
Regnum: VMSF6 Reason: no pass name: OX
Regnum: VMSF9 Reason: no pass name: OX
Regnum: VMSK0 Reason: no pass name: OX
Regnum: VMSK4 Reason: no pass name: OX
Regnum: VMSK7 Reason: no pass name: OX
Regnum: VMSKB Reason: no pass name: OX
Regnum: VMSKE Reason: no pass name: OX
Regnum: VMSKH Reason: no pass name: OX
Regnum: VMSKM Reason: no pass name: OX
Regnum: VMSKQ Reason: no pass name: OX
Regnum: VMSKT Reason: no pass name: OX
Regnum: VMSKX Reason: no pass name: OX
Regnum: VMSL0 Reason: no pass name: OX
Regnum: VMSL4 Reason: no pass name: OX
Regnum: VMSL7 Reason: no pass name: OX
Regnum: VMSLB Reason: no pass name: OX
Regnum: VMSLE Reason: no pass name: OX
Regnum: VMSMY Reason: no pass name: NA
Regnum: VMSN1 Reason: no pass name: NA
Regnum: VMSN5 Reason: no pass name: NA
Regnum: VMSN8 Reason: no pass name: NA
Regnum: VMSSL Reason: no pass name: NA
Regnum: VMSSP Reason: no pass name: NA
Regnum: VMSSS Reason: no pass name: NA
Regnum: VMSSW Reason: no pass name: NA
Regnum: VMSSZ Reason: no pass name: NA
Regnum: VMST3 Reason: no pass name: NA
Regnum: VMST6 Reason: no pass name: NA
Regnum: VMST9 Reason: no pass name: NA
Regnum: VMSTD Reason: no pass name: NA
Regnum: VMSTG Reason: no pass name: NA
Regnum: VMSTK Reason: no pass name: NA
Regnum: VMSTN Reason: no pass name: NA
Regnum: VMSTR Reason: no pass name: NA
Regnum: VMSTV Reason: no pass name: NA
Regnum: VMSWG Reason: no pass name: BUR
Regnum: VMSWK Reason: no pass name: BUR
Regnum: VMSWP Reason: no pass name: BUR
Regnum: VMSZ5 Reason: no pass name: BUR
Regnum: VMSZ9 Reason: no pass name: BUR
Regnum: VMSZE Reason: no pass name: BUR
Regnum: VMSZH Reason: no pass name: BUR
Regnum: VMSZM Reason: no pass name: BUR
Regnum: VMSZQ Reason: no pass name: BUR
Regnum: VMSZT Reason: no pass name: BUR
Regnum: VMSZX Reason: no pass name: BUR
Regnum: VT0BK Reason: no pass name: KO
Regnum: VWL4L Reason: no pass name: UIN
Regnum: TF237 Reason: no pass name: KO
Regnum: TF238 Reason: no pass name: KO
Regnum: TF23B Reason: no pass name: KO
Regnum: TF23D Reason: no pass name: KO
Regnum: TF23G Reason: no pass name: KO
Regnum: TF23J Reason: no pass name: KO
Regnum: TF2K9 Reason: no pass name: NA
Regnum: TF2KC Reason: no pass name: NA
Regnum: TF2KE Reason: no pass name: NA
Regnum: TF2KG Reason: no pass name: NA
Regnum: TF2KJ Reason: no pass name: NA
Regnum: TF2KL Reason: no pass name: NA
Regnum: TF2KP Reason: no pass name: NA
Regnum: TF2KR Reason: no pass name: NA
Regnum: TF2KS Reason: no pass name: NA
Regnum: TF2KW Reason: no pass name: NA
Regnum: TF2KZ Reason: no pass name: NA
Regnum: TF2L1 Reason: no pass name: NA
Regnum: TF2L2 Reason: no pass name: NA
Regnum: TF2MH Reason: no pass name: OX
Regnum: TF2MK Reason: no pass name: OX
Regnum: TF2MN Reason: no pass name: OX
Regnum: TF2MQ Reason: no pass name: OX
Regnum: TF2MS Reason: no pass name: OX
Regnum: TF2MW Reason: no pass name: OX
Regnum: TF2PE Reason: no pass name: BUR
Regnum: TF2PG Reason: no pass name: BUR
Regnum: TF2PJ Reason: no pass name: BUR
Regnum: TF2PL Reason: no pass name: BUR
Regnum: TF2PN Reason: no pass name: BUR
Regnum: TF2PP Reason: no pass name: BUR
Regnum: TF2PQ Reason: no pass name: BUR
Regnum: TF2S1 Reason: no pass name: BUR
Regnum: TF2S3 Reason: no pass name: BUR
Regnum: TF2S4 Reason: no pass name: BUR
Regnum: TF2S5 Reason: no pass name: BUR
Regnum: TF2S6 Reason: no pass name: BUR
Regnum: TF2S8 Reason: no pass name: BUR
Regnum: TF2SB Reason: no pass name: BUR
Regnum: TF2SC Reason: no pass name: BUR
Regnum: TF2SF Reason: no pass name: BUR
Regnum: TF2SH Reason: no pass name: BUR
Regnum: TF2SK Reason: no pass name: BUR
Regnum: TF2SM Reason: no pass name: BUR
Regnum: TF2SN Reason: no pass name: BUR
Regnum: TF2SQ Reason: no pass name: BUR
Regnum: TF2ST Reason: no pass name: BUR
Regnum: TF2WS Reason: no pass name: KO
Regnum: TF2WV Reason: no pass name: KO
Regnum: TF2WY Reason: no pass name: KO
Regnum: TF2ZG Reason: no pass name: KO
Regnum: TF2ZL Reason: no pass name: KO
Regnum: TF2ZQ Reason: no pass name: KO
Regnum: TF2ZT Reason: no pass name: KO
Regnum: TF2ZX Reason: no pass name: KO
Regnum: TF30C Reason: no pass name: IE
Regnum: TF30F Reason: no pass name: IE
Regnum: TF30L Reason: no pass name: IE
Regnum: TF30Q Reason: no pass name: IE
Regnum: TF31Z Reason: no pass name: IE
Regnum: TF322 Reason: no pass name: IE
Regnum: TF325 Reason: no pass name: IE
Regnum: TF34X Reason: no pass name: IE
Regnum: TF352 Reason: no pass name: IE
Regnum: TF355 Reason: no pass name: IE
Regnum: TF358 Reason: no pass name: IE
Regnum: TF35C Reason: no pass name: IE
Regnum: TF35J Reason: no pass name: IE
Regnum: TF377 Reason: no pass name: KO
Regnum: TF37B Reason: no pass name: KO
Regnum: TF39L Reason: no pass name: KO
Regnum: TF39Q Reason: no pass name: KO
Regnum: TF39V Reason: no pass name: KO
Regnum: TF39Y Reason: no pass name: KO
Regnum: TF3B2 Reason: no pass name: KO
Regnum: TF3B6 Reason: no pass name: KO
Regnum: TF3CN Reason: no pass name: IE
Regnum: TF3CS Reason: no pass name: IE
Regnum: TF3CW Reason: no pass name: IE
Regnum: TF3ES Reason: no pass name: IE
Regnum: TF3EW Reason: no pass name: IE
Regnum: TF3EZ Reason: no pass name: IE
Regnum: TF3F3 Reason: no pass name: IE
Regnum: TF3F6 Reason: no pass name: IE
Regnum: TF3F9 Reason: no pass name: IE
Regnum: TF3JW Reason: no pass name: NA
Regnum: TF3JZ Reason: no pass name: NA
Regnum: TF3LV Reason: no pass name: NA
Regnum: TF3LY Reason: no pass name: NA
Regnum: TF3M1 Reason: no pass name: NA
Regnum: TF3M5 Reason: no pass name: NA
Regnum: TF3M8 Reason: no pass name: NA
Regnum: TF3MC Reason: no pass name: NA
Regnum: TF3P6 Reason: no pass name: OX
Regnum: TF3P9 Reason: no pass name: OX
Regnum: TF3PE Reason: no pass name: OX
Regnum: TF3PH Reason: no pass name: OX
Regnum: TF3R9 Reason: no pass name: NA
Regnum: TF3RD Reason: no pass name: NA
Regnum: TF3RG Reason: no pass name: NA
Regnum: TF3RK Reason: no pass name: NA
Regnum: TF3W8 Reason: no pass name: KO
Regnum: TF3WD Reason: no pass name: KO
Regnum: TF3WG Reason: no pass name: KO
Regnum: TF3WL Reason: no pass name: KO
Regnum: TF3WP Reason: no pass name: KO
Regnum: TF3YN Reason: no pass name: BC
Regnum: TF3YR Reason: no pass name: BC
Regnum: TF3YV Reason: no pass name: BC
Regnum: TF3YY Reason: no pass name: BC
Regnum: TF3Z1 Reason: no pass name: BC
Regnum: TLTED Reason: no pass name: KO
Regnum: TLTKE Reason: no pass name: BUR
Regnum: TLTNP Reason: no pass name: KO
Regnum: TLTST Reason: no pass name: BUR
Regnum: TMRBC Reason: no pass name: OURR
Regnum: TMRBF Reason: no pass name: OURR
Regnum: TMRBL Reason: no pass name: OURR
Regnum: TMRBQ Reason: no pass name: OURR
Regnum: TMRBT Reason: no pass name: OURR
Regnum: TMRBX Reason: no pass name: OURR
Regnum: TMRC0 Reason: no pass name: OURR
Regnum: TMRC4 Reason: no pass name: OURR
Regnum: TMRCB Reason: no pass name: OURR
Regnum: TMRCE Reason: no pass name: OURR
Regnum: TMRCH Reason: no pass name: OURR
Regnum: TMRCM Reason: no pass name: OURR
Regnum: TMRCS Reason: no pass name: OURR
Regnum: TMRET Reason: no pass name: OURR
Regnum: TMRFR Reason: no pass name: OURR
Regnum: TMRFW Reason: no pass name: OURR
Regnum: TMRFZ Reason: no pass name: OURR
Regnum: TMRLH Reason: no pass name: OURR
Regnum: TMRLR Reason: no pass name: OURR
Regnum: TMRLW Reason: no pass name: OURR
Regnum: TMRM0 Reason: no pass name: OURR
Regnum: TMRM4 Reason: no pass name: OURR
Regnum: TMRM7 Reason: no pass name: OURR
Regnum: TMRME Reason: no pass name: OURR
Regnum: TMRMJ Reason: no pass name: OURR
Regnum: TMRMM Reason: no pass name: OURR
Regnum: TMRMR Reason: no pass name: OURR
Regnum: TMRMV Reason: no pass name: OURR
Regnum: TMRMZ Reason: no pass name: OURR
Regnum: TMRN2 Reason: no pass name: OURR
Regnum: TMRN6 Reason: no pass name: OURR
Regnum: TMRP3 Reason: no pass name: OURR
Regnum: TMRP7 Reason: no pass name: OURR
Regnum: TMRPC Reason: no pass name: OURR
Regnum: TMRPF Reason: no pass name: OURR
Regnum: TMRPK Reason: no pass name: OURR
Regnum: TMRPP Reason: no pass name: OURR
Regnum: TMRPW Reason: no pass name: OURR
Regnum: TMRPZ Reason: no pass name: OURR
Regnum: TMRQ2 Reason: no pass name: OURR
Regnum: TMRQ5 Reason: no pass name: OURR
Regnum: TMRSN Reason: no pass name: OURR
Regnum: TMRSR Reason: no pass name: OURR
Regnum: TMRSV Reason: no pass name: OURR
Regnum: TMRSY Reason: no pass name: OURR
Regnum: TMRTP Reason: no pass name: OURR
Regnum: TMRTS Reason: no pass name: OURR
Regnum: TMRTX Reason: no pass name: OURR
Regnum: TMRV2 Reason: no pass name: OURR
Regnum: TMRV7 Reason: no pass name: OURR
Regnum: TMRVC Reason: no pass name: OURR
Regnum: TMRVF Reason: no pass name: OURR
Regnum: TNR0N Reason: no pass name: NA
Regnum: TNR0Q Reason: no pass name: NA
Regnum: TNR0S Reason: no pass name: NA
Regnum: TNR0W Reason: no pass name: NA
Regnum: TNR0Y Reason: no pass name: NA
Regnum: TNR10 Reason: no pass name: NA
Regnum: TNR12 Reason: no pass name: NA
Regnum: TNR4B Reason: no pass name: NA
Regnum: TNR4C Reason: no pass name: NA
Regnum: TNR4E Reason: no pass name: NA
Regnum: TNR4G Reason: no pass name: NA
Regnum: TNR4J Reason: no pass name: NA
Regnum: TNR4L Reason: no pass name: NA
Regnum: TNR4N Reason: no pass name: NA
Regnum: TNR4Q Reason: no pass name: NA
Regnum: TNR4T Reason: no pass name: NA
Regnum: TNR4V Reason: no pass name: NA
Regnum: TNR4X Reason: no pass name: NA
Regnum: TNR50 Reason: no pass name: NA
Regnum: TNR52 Reason: no pass name: NA
Regnum: TNR54 Reason: no pass name: NA
Regnum: TNR56 Reason: no pass name: NA
Regnum: TNR58 Reason: no pass name: NA
Regnum: TNR8C Reason: no pass name: KO
Regnum: TNR8E Reason: no pass name: KO
Regnum: TNR8H Reason: no pass name: KO
Regnum: TNR8K Reason: no pass name: KO
Regnum: TNR8N Reason: no pass name: KO
Regnum: TNR8Q Reason: no pass name: KO
Regnum: TNR8S Reason: no pass name: KO
Regnum: TNR8W Reason: no pass name: KO
Regnum: TNR91 Reason: no pass name: KO
Regnum: TNR93 Reason: no pass name: KO
Regnum: TNR95 Reason: no pass name: KO
Regnum: TNR97 Reason: no pass name: KO
Regnum: TNR99 Reason: no pass name: KO
Regnum: TNRCY Reason: no pass name: BC
Regnum: TNRD0 Reason: no pass name: BC
Regnum: TNRD2 Reason: no pass name: BC
Regnum: TNRD8 Reason: no pass name: BC
Regnum: TNRDC Reason: no pass name: BC
Regnum: TNRDE Reason: no pass name: BC
Regnum: TNRDG Reason: no pass name: BC
Regnum: TNRDJ Reason: no pass name: BC
Regnum: TNRDL Reason: no pass name: BC
Regnum: TNRDN Reason: no pass name: BC
Regnum: TNRDQ Reason: no pass name: BC
Regnum: TNRDX Reason: no pass name: BC
Regnum: TNRDZ Reason: no pass name: BC
Regnum: TNRE1 Reason: no pass name: BC
Regnum: TNRFS Reason: no pass name: KO
Regnum: TNRFV Reason: no pass name: KO
Regnum: TNRFX Reason: no pass name: KO
Regnum: TNRG1 Reason: no pass name: KO
Regnum: TNRG3 Reason: no pass name: KO
Regnum: TNRG4 Reason: no pass name: KO
Regnum: TNRKB Reason: no pass name: KO
Regnum: TNRKE Reason: no pass name: KO
Regnum: TNRKG Reason: no pass name: KO
Regnum: TNRKK Reason: no pass name: KO
Regnum: TNRKN Reason: no pass name: KO
Regnum: TNRKR Reason: no pass name: KO
Regnum: TNRKV Reason: no pass name: KO
Regnum: TNRKY Reason: no pass name: KO
Regnum: TNRL1 Reason: no pass name: KO
Regnum: TNRNK Reason: no pass name: NA
Regnum: TNRNM Reason: no pass name: NA
Regnum: TNRNQ Reason: no pass name: NA
Regnum: TNRNT Reason: no pass name: NA
Regnum: TNRNW Reason: no pass name: NA
Regnum: TNRNY Reason: no pass name: NA
Regnum: TNRP1 Reason: no pass name: NA
Regnum: TNRRV Reason: no pass name: NA
Regnum: TNRS7 Reason: no pass name: NA
Regnum: TNRSC Reason: no pass name: NA
Regnum: TNRSF Reason: no pass name: NA
Regnum: TNRSJ Reason: no pass name: NA
Regnum: TNRSM Reason: no pass name: NA
Regnum: TNRSQ Reason: no pass name: NA
Regnum: TNRST Reason: no pass name: NA
Regnum: TNVZV Reason: no pass name: SPETSSVYAZ
Regnum: TRH0E Reason: no pass name: SPETSSVYAZ
Regnum: TRH0X Reason: no pass name: SPETSSVYAZ
Regnum: TRH10 Reason: no pass name: SPETSSVYAZ
Regnum: TRH18 Reason: no pass name: SPETSSVYAZ
Regnum: TTJYD Reason: no pass name: KO
Regnum: TTJYF Reason: no pass name: KO
Regnum: TTJYJ Reason: no pass name: KO
Regnum: TTJYN Reason: no pass name: KO
Regnum: TTJYR Reason: no pass name: KO
Regnum: TTJZQ Reason: no pass name: KO
Regnum: TTJZT Reason: no pass name: KO
Regnum: TTJZY Reason: no pass name: KO
Regnum: VMR56 Reason: no pass name: KO
Regnum: VMR58 Reason: no pass name: KO
Regnum: VMR5B Reason: no pass name: KO
Regnum: VMR5F Reason: no pass name: KO
Regnum: VMR5J Reason: no pass name: KO
Regnum: VMR5M Reason: no pass name: KO
Regnum: VMR5Q Reason: no pass name: KO
Regnum: VMR5V Reason: no pass name: KO
Regnum: VMR5Y Reason: no pass name: KO
Regnum: VMR67 Reason: no pass name: KO
Regnum: VMR6D Reason: no pass name: KO
Regnum: VMR6H Reason: no pass name: KO
Regnum: VMR6L Reason: no pass name: KO
Regnum: VMR70 Reason: no pass name: KO
Regnum: VMR72 Reason: no pass name: KO
Regnum: VMR75 Reason: no pass name: KO
Regnum: VMR77 Reason: no pass name: KO
Regnum: VMR79 Reason: no pass name: KO
Regnum: VMR7C Reason: no pass name: KO
Regnum: VMR7E Reason: no pass name: KO
Regnum: VMR7G Reason: no pass name: KO
Regnum: VMR7J Reason: no pass name: KO
Regnum: VMR7M Reason: no pass name: KO
Regnum: VMR7R Reason: no pass name: KO
Regnum: VMR7V Reason: no pass name: KO
Regnum: VMRB3 Reason: no pass name: KO
Regnum: VMRB6 Reason: no pass name: KO
Regnum: VMRB9 Reason: no pass name: KO
Regnum: VMRBD Reason: no pass name: KO
Regnum: VMRBJ Reason: no pass name: BC
Regnum: VMRBN Reason: no pass name: BC
Regnum: VMRBR Reason: no pass name: BC
Regnum: VMRBW Reason: no pass name: BC
Regnum: VMRHH Reason: no pass name: BC
Regnum: VMRHM Reason: no pass name: BC
Regnum: VMRHR Reason: no pass name: BC
Regnum: VMRHV Reason: no pass name: BC
Regnum: VMRHY Reason: no pass name: BC
Regnum: VMRJ1 Reason: no pass name: BC
Regnum: VMRJ4 Reason: no pass name: BC
Regnum: VMRJ8 Reason: no pass name: BC
Regnum: VMRJF Reason: no pass name: KO
Regnum: VMRJJ Reason: no pass name: KO
Regnum: VMRJM Reason: no pass name: KO
Regnum: VMRJS Reason: no pass name: KO
Regnum: VMRJW Reason: no pass name: KO
Regnum: VMRJZ Reason: no pass name: KO
Regnum: VMRK2 Reason: no pass name: KO
Regnum: VMRK6 Reason: no pass name: KO
Regnum: VMRK9 Reason: no pass name: KO
Regnum: VMRKD Reason: no pass name: KO
Regnum: VMRKH Reason: no pass name: KO
Regnum: VMRKM Reason: no pass name: KO
Regnum: VMRKR Reason: no pass name: KO
Regnum: VMRKV Reason: no pass name: KO
Regnum: VMRKY Reason: no pass name: KO
Regnum: VMRL1 Reason: no pass name: KO
Regnum: VMRND Reason: no pass name: BC
Regnum: VMRNG Reason: no pass name: BC
Regnum: VMRNK Reason: no pass name: BC
Regnum: VMRNN Reason: no pass name: BC
Regnum: VMRS3 Reason: no pass name: BC
Regnum: VMRS6 Reason: no pass name: BC
Regnum: VMRSB Reason: no pass name: BC
Regnum: VMRSE Reason: no pass name: BC
Regnum: VMRSH Reason: no pass name: BC
Regnum: VMRSL Reason: no pass name: BC
Regnum: VMRSR Reason: no pass name: BC
Regnum: VMRSV Reason: no pass name: BC
Regnum: VMRSY Reason: no pass name: BC
Regnum: VMRT0 Reason: no pass name: BC
Regnum: VMRT3 Reason: no pass name: BC
Regnum: VMRT6 Reason: no pass name: BC
Regnum: VMRT9 Reason: no pass name: BC
Regnum: VMRTD Reason: no pass name: BC
Regnum: VMRTG Reason: no pass name: BC
Regnum: VMRTK Reason: no pass name: BC
Regnum: VMRX3 Reason: no pass name: OX
Regnum: VMRX6 Reason: no pass name: OX
Regnum: VMRX9 Reason: no pass name: OX
Regnum: VMRXD Reason: no pass name: OX
Regnum: VMS1T Reason: no pass name: OX
Regnum: VMS1Y Reason: no pass name: OX
Regnum: VMS21 Reason: no pass name: OX
Regnum: VMS25 Reason: no pass name: OX
Regnum: VMS28 Reason: no pass name: OX
Regnum: VMS2C Reason: no pass name: OX
Regnum: VMS2F Reason: no pass name: OX
Regnum: VMS2L Reason: no pass name: OX
Regnum: VMS2P Reason: no pass name: OX
Regnum: VMS2T Reason: no pass name: OX
Regnum: VMS2Y Reason: no pass name: OX
Regnum: VMS31 Reason: no pass name: OX
Regnum: VMS34 Reason: no pass name: OX
Regnum: VMS37 Reason: no pass name: OX
Regnum: VMS3B Reason: no pass name: OX
Regnum: VMS55 Reason: no pass name: IE
Regnum: VMS58 Reason: no pass name: IE
Regnum: VMS5C Reason: no pass name: IE
Regnum: VMS5H Reason: no pass name: IE
Regnum: VMS5L Reason: no pass name: IE
Regnum: VMSB0 Reason: no pass name: IE
Regnum: VMSB3 Reason: no pass name: IE
Regnum: VMSB6 Reason: no pass name: IE
Regnum: VMSB9 Reason: no pass name: IE
Regnum: VMSBD Reason: no pass name: IE
Regnum: VMSBH Reason: no pass name: IE
Regnum: VMSBL Reason: no pass name: IE
Regnum: VMSBQ Reason: no pass name: IE
Regnum: VMSBV Reason: no pass name: IE
Regnum: VMSC0 Reason: no pass name: IE
Regnum: VMSC5 Reason: no pass name: IE
Regnum: VMSC8 Reason: no pass name: IE
Regnum: VMSCC Reason: no pass name: IE
Regnum: VMSCF Reason: no pass name: IE
Regnum: VMSCJ Reason: no pass name: IE
Regnum: VMSEY Reason: no pass name: OX
Regnum: VMSF2 Reason: no pass name: OX
Regnum: VMSF5 Reason: no pass name: OX
Regnum: VMSF8 Reason: no pass name: OX
Regnum: VMSJZ Reason: no pass name: OX
Regnum: VMSK3 Reason: no pass name: OX
Regnum: VMSK6 Reason: no pass name: OX
Regnum: VMSK9 Reason: no pass name: OX
Regnum: VMSKD Reason: no pass name: OX
Regnum: VMSKG Reason: no pass name: OX
Regnum: VMSKL Reason: no pass name: OX
Regnum: VMSKP Reason: no pass name: OX
Regnum: VMSKS Reason: no pass name: OX
Regnum: VMSKW Reason: no pass name: OX
Regnum: VMSKZ Reason: no pass name: OX
Regnum: VMSL3 Reason: no pass name: OX
Regnum: VMSL6 Reason: no pass name: OX
Regnum: VMSL9 Reason: no pass name: OX
Regnum: VMSLD Reason: no pass name: OX
Regnum: VMSLG Reason: no pass name: OX
Regnum: VMSN0 Reason: no pass name: NA
Regnum: VMSN3 Reason: no pass name: NA
Regnum: VMSN6 Reason: no pass name: NA
Regnum: VMSN9 Reason: no pass name: NA
Regnum: VMSS1 Reason: no pass name: NA
Regnum: VMSSG Reason: no pass name: NA
Regnum: VMSSJ Reason: no pass name: NA
Regnum: VMSSM Reason: no pass name: NA
Regnum: VMSSQ Reason: no pass name: NA
Regnum: VMSST Reason: no pass name: NA
Regnum: VMSSX Reason: no pass name: NA
Regnum: VMST1 Reason: no pass name: NA
Regnum: VMST4 Reason: no pass name: NA
Regnum: VMST7 Reason: no pass name: NA
Regnum: VMSTB Reason: no pass name: NA
Regnum: VMSTE Reason: no pass name: NA
Regnum: VMSTH Reason: no pass name: NA
Regnum: VMSTL Reason: no pass name: NA
Regnum: VMSTP Reason: no pass name: NA
Regnum: VMSTS Reason: no pass name: NA
Regnum: VMSWE Reason: no pass name: BUR
Regnum: VMSWJ Reason: no pass name: BUR
Regnum: VMSWN Reason: no pass name: BUR
Regnum: VMSWR Reason: no pass name: BUR
Regnum: VMSZ7 Reason: no pass name: BUR
Regnum: VMSZB Reason: no pass name: BUR
Regnum: VMSZD Reason: no pass name: BUR
Regnum: VMSZG Reason: no pass name: BUR
Regnum: VMSZL Reason: no pass name: BUR
Regnum: VMSZN Reason: no pass name: BUR
Regnum: VMSZR Reason: no pass name: BUR
Regnum: VMSZV Reason: no pass name: BUR
Regnum: VSFLD Reason: no pass name: SOTSPODDERZHKA
Regnum: VWL13 Reason: no pass name: UIN
Regnum: VWL2N Reason: no pass name: UIN
Regnum: VWL49 Reason: no pass name: UIN
